<?xml version="1.0" encoding="UTF-8"?>
<!-- Generated by org.testng.reporters.JUnitXMLReporter -->
<testsuite ignored="0" hostname="MacBook-Pro.local" failures="3" tests="7" name="Test" time="259.833" errors="0" timestamp="18 May 2018 17:48:14 GMT">
  <testcase classname="com.webdriver.tests.HomePageTest" name="loginFox" time="0.033">
    <failure type="java.lang.NullPointerException">
      <![CDATA[java.lang.NullPointerException
at com.webdriver.tests.HomePageTest.loginFox(HomePageTest.java:40)
... Removed 25 stack frames]]>
    </failure>
  </testcase> <!-- loginFox -->
  <testcase classname="com.webdriver.tests.HomePageTest" name="loginFox" time="0.004">
    <failure type="java.lang.NullPointerException">
      <![CDATA[java.lang.NullPointerException
at com.webdriver.tests.HomePageTest.loginFox(HomePageTest.java:40)
... Removed 25 stack frames]]>
    </failure>
  </testcase> <!-- loginFox -->
  <testcase classname="com.webdriver.tests.HomePageTest" name="initialize" time="70.14"/>
  <testcase classname="com.webdriver.tests.HomePageTest" name="updateDataMovies" time="0.153"/>
  <testcase classname="com.webdriver.tests.HomePageTest" name="allShowsPage" time="189.187"/>
  <testcase classname="com.webdriver.tests.HomePageTest" name="testDataAllShows" time="0.002">
    <failure type="org.testng.internal.reflect.MethodMatcherException" message="
Data provider mismatch
Method: testDataAllShows([Parameter{index=0, type=java.lang.String, declaredAnnotations=[]}])
Arguments: [(java.lang.String) non restricted user,(java.lang.String) 1223,(java.lang.String) restricted user]">
      <![CDATA[org.testng.internal.reflect.MethodMatcherException: 
Data provider mismatch
Method: testDataAllShows([Parameter{index=0, type=java.lang.String, declaredAnnotations=[]}])
Arguments: [(java.lang.String) non restricted user,(java.lang.String) 1223,(java.lang.String) restricted user]
... Removed 20 stack frames]]>
    </failure>
  </testcase> <!-- testDataAllShows -->
  <testcase classname="com.webdriver.tests.HomePageTest" name="duplicateAllShows" time="0.002"/>
</testsuite> <!-- Test -->
