<?xml version="1.0" encoding="UTF-8"?>
<!-- Generated by org.testng.reporters.JUnitXMLReporter -->
<testsuite ignored="0" hostname="MacBook-Pro.local" failures="1" tests="1" name="validating title" time="86.996" errors="0" timestamp="18 May 2018 17:49:42 GMT">
  <testcase classname="com.webdriver.tests.ValidateTitleTest" name="validateTitle" time="86.829">
    <failure type="java.lang.AssertionError" message="Presents expected:&amp;lt;Presents&amp;gt; but was:&amp;lt;Strings are matching&amp;gt;">
      <![CDATA[java.lang.AssertionError: Presents expected:<Presents> but was:<Strings are matching>
at com.webdriver.tests.ValidateTitleTest.validateTitle(ValidateTitleTest.java:26)
... Removed 26 stack frames]]>
    </failure>
  </testcase> <!-- validateTitle -->
</testsuite> <!-- validating title -->
