<?xml version="1.0" encoding="UTF-8"?>
<testsuite xmlns:xsi="http://www.w3.org/2001/XMLSchema-instance" xsi:noNamespaceSchemaLocation="https://maven.apache.org/surefire/maven-surefire-plugin/xsd/surefire-test-report.xsd" name="TestSuite" time="0.613" tests="3" errors="0" skipped="0" failures="0">
  <properties>
[...]
</properties>
  <testcase name="seleniumTest" classname="com.webdriver.tests.SeleniumTest" time="0.01"/>
  <testcase name="restApITest" classname="com.webdriver.tests.RestApi$RestAPITest" time="0.001"/>
  <testcase name="mobileTest" classname="com.webdriver.tests.AppiumTest" time="0.002"/>
</testsuite>