<?xml version="1.0" encoding="UTF-8"?>
<testng-results skipped="0" failed="0" ignored="0" total="3" passed="3">
  <reporter-output>
  </reporter-output>
  <suite name="Suite" duration-ms="109" started-at="2018-05-21T18:07:59Z" finished-at="2018-05-21T18:07:59Z">
    <groups>
    </groups>
    <test name="Selenium" duration-ms="41" started-at="2018-05-21T18:07:59Z" finished-at="2018-05-21T18:07:59Z">
      <class name="com.webdriver.tests.SeleniumTest">
        <test-method status="PASS" signature="seleniumTest()[pri:0, instance:com.webdriver.tests.SeleniumTest@64616ca2]" name="seleniumTest" duration-ms="9" started-at="2018-05-21T18:07:59Z" finished-at="2018-05-21T18:07:59Z">
          <reporter-output>
          </reporter-output>
        </test-method> <!-- seleniumTest -->
      </class> <!-- com.webdriver.tests.SeleniumTest -->
    </test> <!-- Selenium -->
    <test name="RestAPI" duration-ms="2" started-at="2018-05-21T18:07:59Z" finished-at="2018-05-21T18:07:59Z">
      <class name="com.webdriver.tests.RestApi$RestAPITest">
        <test-method status="PASS" signature="restApITest()[pri:0, instance:com.webdriver.tests.RestApi$RestAPITest@6df97b55]" name="restApITest" duration-ms="0" started-at="2018-05-21T18:07:59Z" finished-at="2018-05-21T18:07:59Z">
          <reporter-output>
          </reporter-output>
        </test-method> <!-- restApITest -->
      </class> <!-- com.webdriver.tests.RestApi$RestAPITest -->
    </test> <!-- RestAPI -->
    <test name="Appium" duration-ms="3" started-at="2018-05-21T18:07:59Z" finished-at="2018-05-21T18:07:59Z">
      <class name="com.webdriver.tests.AppiumTest">
        <test-method status="PASS" signature="mobileTest()[pri:0, instance:com.webdriver.tests.AppiumTest@3551a94]" name="mobileTest" duration-ms="0" started-at="2018-05-21T18:07:59Z" finished-at="2018-05-21T18:07:59Z">
          <reporter-output>
          </reporter-output>
        </test-method> <!-- mobileTest -->
      </class> <!-- com.webdriver.tests.AppiumTest -->
    </test> <!-- Appium -->
  </suite> <!-- Suite -->
</testng-results>
